<?xml version="1.0" encoding="UTF-8"?>
<!-- Generated by org.testng.reporters.JUnitXMLReporter -->
<testsuite hostname="QEDGE5564" name="erpTest" tests="6" failures="0" timestamp="26 Aug 2016 09:18:42 GMT" time="42.036" errors="0">
  <testcase name="uom" time="4.522" classname="com.ERP.master.exeng"/>
  <testcase name="uom" time="4.728" classname="com.ERP.master.exeng"/>
  <testcase name="sc" time="5.385" classname="com.ERP.master.scng"/>
  <testcase name="sc" time="5.556" classname="com.ERP.master.scng"/>
  <testcase name="supp" time="7.384" classname="com.ERP.master.suppng"/>
  <testcase name="supp" time="7.119" classname="com.ERP.master.suppng"/>
</testsuite> <!-- erpTest -->
