<?xml version="1.0" encoding="UTF-8"?>
<testng-results skipped="6" failed="0" total="6" passed="0">
  <reporter-output>
  </reporter-output>
  <suite name="Suiteerp" duration-ms="47" started-at="2016-08-30T10:39:28Z" finished-at="2016-08-30T10:39:28Z">
    <groups>
    </groups>
    <test name="saTest" duration-ms="47" started-at="2016-08-30T10:39:28Z" finished-at="2016-08-30T10:39:28Z">
      <class name="com.ERP.master.suppng">
        <test-method status="SKIP" signature="supp(java.lang.String, java.lang.String, java.lang.String, java.lang.String, java.lang.String, java.lang.String, java.lang.String, java.lang.String, java.lang.String)[pri:0, instance:com.ERP.master.suppng@18c0dc2]" name="supp" duration-ms="0" started-at="2016-08-30T16:09:28Z" data-provider="su" finished-at="2016-08-30T16:09:28Z">
          <params>
            <param index="0">
              <value>
                <![CDATA[toyoto]]>
              </value>
            </param>
            <param index="1">
              <value>
                <![CDATA[hyderguda]]>
              </value>
            </param>
            <param index="2">
              <value>
                <![CDATA[mumbai]]>
              </value>
            </param>
            <param index="3">
              <value>
                <![CDATA[india]]>
              </value>
            </param>
            <param index="4">
              <value>
                <![CDATA[dutt]]>
              </value>
            </param>
            <param index="5">
              <value>
                <![CDATA[007]]>
              </value>
            </param>
            <param index="6">
              <value>
                <![CDATA[dutt@gm.com]]>
              </value>
            </param>
            <param index="7">
              <value>
                <![CDATA[001]]>
              </value>
            </param>
            <param index="8">
              <value>
                <![CDATA[toyoto brand]]>
              </value>
            </param>
          </params>
          <reporter-output>
          </reporter-output>
        </test-method> <!-- supp -->
        <test-method status="SKIP" signature="supp(java.lang.String, java.lang.String, java.lang.String, java.lang.String, java.lang.String, java.lang.String, java.lang.String, java.lang.String, java.lang.String)[pri:0, instance:com.ERP.master.suppng@18c0dc2]" name="supp" duration-ms="0" started-at="2016-08-30T16:09:28Z" data-provider="su" finished-at="2016-08-30T16:09:28Z">
          <params>
            <param index="0">
              <value>
                <![CDATA[toyoto]]>
              </value>
            </param>
            <param index="1">
              <value>
                <![CDATA[swinburn]]>
              </value>
            </param>
            <param index="2">
              <value>
                <![CDATA[queensland]]>
              </value>
            </param>
            <param index="3">
              <value>
                <![CDATA[australia]]>
              </value>
            </param>
            <param index="4">
              <value>
                <![CDATA[rock]]>
              </value>
            </param>
            <param index="5">
              <value>
                <![CDATA[108]]>
              </value>
            </param>
            <param index="6">
              <value>
                <![CDATA[rock@gm.com]]>
              </value>
            </param>
            <param index="7">
              <value>
                <![CDATA[108]]>
              </value>
            </param>
            <param index="8">
              <value>
                <![CDATA[toyoto brand]]>
              </value>
            </param>
          </params>
          <reporter-output>
          </reporter-output>
        </test-method> <!-- supp -->
      </class> <!-- com.ERP.master.suppng -->
      <class name="com.ERP.master.scng">
        <test-method status="SKIP" signature="sc(java.lang.String)[pri:0, instance:com.ERP.master.scng@84b8f9]" name="sc" duration-ms="0" started-at="2016-08-30T16:09:28Z" data-provider="sccn" finished-at="2016-08-30T16:09:28Z">
          <params>
            <param index="0">
              <value>
                <![CDATA[xyz]]>
              </value>
            </param>
          </params>
          <reporter-output>
          </reporter-output>
        </test-method> <!-- sc -->
        <test-method status="SKIP" signature="sc(java.lang.String)[pri:0, instance:com.ERP.master.scng@84b8f9]" name="sc" duration-ms="0" started-at="2016-08-30T16:09:28Z" data-provider="sccn" finished-at="2016-08-30T16:09:28Z">
          <params>
            <param index="0">
              <value>
                <![CDATA[pqr]]>
              </value>
            </param>
          </params>
          <reporter-output>
          </reporter-output>
        </test-method> <!-- sc -->
      </class> <!-- com.ERP.master.scng -->
      <class name="com.ERP.master.exeng">
        <test-method status="FAIL" signature="beforeSuite()[pri:0, instance:com.ERP.master.exeng@1792d2c]" name="beforeSuite" is-config="true" duration-ms="0" started-at="2016-08-30T16:09:03Z" finished-at="2016-08-30T16:09:03Z">
          <exception class="org.openqa.selenium.remote.UnreachableBrowserException">
            <message>
              <![CDATA[Error communicating with the remote browser. It may have died.
Build info: version: '2.53.1', revision: 'a36b8b1', time: '2016-06-30 17:37:03'
System info: host: 'QEDGE5564', ip: '10.0.0.207', os.name: 'Windows 7', os.arch: 'x86', os.version: '6.1', java.version: '1.7.0_79'
Driver info: driver.version: RemoteWebDriver
Session ID: fe1c41ea-23c1-4afd-82f7-322f0fdc8117
Capabilities [{platform=WINDOWS, acceptSslCerts=true, javascriptEnabled=true, cssSelectorsEnabled=true, databaseEnabled=true, browserName=firefox, handlesAlerts=true, nativeEvents=false, webStorageEnabled=true, rotatable=false, locationContextEnabled=true, applicationCacheEnabled=true, takesScreenshot=true, version=43.0.1}]]]>
            </message>
            <full-stacktrace>
              <![CDATA[org.openqa.selenium.remote.UnreachableBrowserException: Error communicating with the remote browser. It may have died.
Build info: version: '2.53.1', revision: 'a36b8b1', time: '2016-06-30 17:37:03'
System info: host: 'QEDGE5564', ip: '10.0.0.207', os.name: 'Windows 7', os.arch: 'x86', os.version: '6.1', java.version: '1.7.0_79'
Driver info: driver.version: RemoteWebDriver
Session ID: fe1c41ea-23c1-4afd-82f7-322f0fdc8117
Capabilities [{platform=WINDOWS, acceptSslCerts=true, javascriptEnabled=true, cssSelectorsEnabled=true, databaseEnabled=true, browserName=firefox, handlesAlerts=true, nativeEvents=false, webStorageEnabled=true, rotatable=false, locationContextEnabled=true, applicationCacheEnabled=true, takesScreenshot=true, version=43.0.1}]
	at org.openqa.selenium.remote.RemoteWebDriver.execute(RemoteWebDriver.java:665)
	at org.openqa.selenium.remote.RemoteWebDriver.get(RemoteWebDriver.java:316)
	at com.ERP.master.stocklib.openapp(stocklib.java:35)
	at com.ERP.master.baseng.beforeSuite(baseng.java:28)
	at sun.reflect.NativeMethodAccessorImpl.invoke0(Native Method)
	at sun.reflect.NativeMethodAccessorImpl.invoke(NativeMethodAccessorImpl.java:57)
	at sun.reflect.DelegatingMethodAccessorImpl.invoke(DelegatingMethodAccessorImpl.java:43)
	at java.lang.reflect.Method.invoke(Method.java:606)
	at org.testng.internal.MethodInvocationHelper.invokeMethod(MethodInvocationHelper.java:100)
	at org.testng.internal.Invoker.invokeConfigurationMethod(Invoker.java:515)
	at org.testng.internal.Invoker.invokeConfigurations(Invoker.java:216)
	at org.testng.internal.Invoker.invokeConfigurations(Invoker.java:143)
	at org.testng.SuiteRunner.privateRun(SuiteRunner.java:305)
	at org.testng.SuiteRunner.run(SuiteRunner.java:268)
	at org.testng.SuiteRunnerWorker.runSuite(SuiteRunnerWorker.java:52)
	at org.testng.SuiteRunnerWorker.run(SuiteRunnerWorker.java:86)
	at org.testng.TestNG.runSuitesSequentially(TestNG.java:1264)
	at org.testng.TestNG.runSuitesLocally(TestNG.java:1189)
	at org.testng.TestNG.runSuites(TestNG.java:1104)
	at org.testng.TestNG.run(TestNG.java:1076)
	at org.testng.remote.AbstractRemoteTestNG.run(AbstractRemoteTestNG.java:126)
	at org.testng.remote.RemoteTestNG.initAndRun(RemoteTestNG.java:152)
	at org.testng.remote.RemoteTestNG.main(RemoteTestNG.java:57)
Caused by: org.apache.http.conn.HttpHostConnectException: Connect to 127.0.0.1:7055 [/127.0.0.1] failed: Connection refused: connect
	at org.apache.http.impl.conn.DefaultHttpClientConnectionOperator.connect(DefaultHttpClientConnectionOperator.java:151)
	at org.apache.http.impl.conn.PoolingHttpClientConnectionManager.connect(PoolingHttpClientConnectionManager.java:353)
	at org.apache.http.impl.execchain.MainClientExec.establishRoute(MainClientExec.java:380)
	at org.apache.http.impl.execchain.MainClientExec.execute(MainClientExec.java:236)
	at org.apache.http.impl.execchain.ProtocolExec.execute(ProtocolExec.java:184)
	at org.apache.http.impl.execchain.RetryExec.execute(RetryExec.java:88)
	at org.apache.http.impl.execchain.RedirectExec.execute(RedirectExec.java:110)
	at org.apache.http.impl.client.InternalHttpClient.doExecute(InternalHttpClient.java:184)
	at org.apache.http.impl.client.CloseableHttpClient.execute(CloseableHttpClient.java:71)
	at org.apache.http.impl.client.CloseableHttpClient.execute(CloseableHttpClient.java:55)
	at org.openqa.selenium.remote.internal.ApacheHttpClient.fallBackExecute(ApacheHttpClient.java:162)
	at org.openqa.selenium.remote.internal.ApacheHttpClient.execute(ApacheHttpClient.java:90)
	at org.openqa.selenium.remote.HttpCommandExecutor.execute(HttpCommandExecutor.java:142)
	at org.openqa.selenium.firefox.internal.NewProfileExtensionConnection.execute(NewProfileExtensionConnection.java:160)
	at org.openqa.selenium.firefox.FirefoxDriver$LazyCommandExecutor.execute(FirefoxDriver.java:380)
	at org.openqa.selenium.remote.RemoteWebDriver.execute(RemoteWebDriver.java:644)
	... 22 more
Caused by: java.net.ConnectException: Connection refused: connect
	at java.net.DualStackPlainSocketImpl.waitForConnect(Native Method)
	at java.net.DualStackPlainSocketImpl.socketConnect(DualStackPlainSocketImpl.java:85)
	at java.net.AbstractPlainSocketImpl.doConnect(AbstractPlainSocketImpl.java:339)
	at java.net.AbstractPlainSocketImpl.connectToAddress(AbstractPlainSocketImpl.java:200)
	at java.net.AbstractPlainSocketImpl.connect(AbstractPlainSocketImpl.java:182)
	at java.net.PlainSocketImpl.connect(PlainSocketImpl.java:172)
	at java.net.SocksSocketImpl.connect(SocksSocketImpl.java:392)
	at java.net.Socket.connect(Socket.java:579)
	at org.apache.http.conn.socket.PlainConnectionSocketFactory.connectSocket(PlainConnectionSocketFactory.java:74)
	at org.apache.http.impl.conn.DefaultHttpClientConnectionOperator.connect(DefaultHttpClientConnectionOperator.java:134)
	... 37 more
]]>
            </full-stacktrace>
          </exception> <!-- org.openqa.selenium.remote.UnreachableBrowserException -->
          <reporter-output>
          </reporter-output>
        </test-method> <!-- beforeSuite -->
        <test-method status="SKIP" signature="beforeTest()[pri:0, instance:com.ERP.master.exeng@1792d2c]" name="beforeTest" is-config="true" duration-ms="0" started-at="2016-08-30T16:09:28Z" finished-at="2016-08-30T16:09:28Z">
          <reporter-output>
          </reporter-output>
        </test-method> <!-- beforeTest -->
        <test-method status="SKIP" signature="uom(java.lang.String, java.lang.String)[pri:0, instance:com.ERP.master.exeng@1792d2c]" name="uom" duration-ms="0" started-at="2016-08-30T16:09:28Z" data-provider="uomdata" finished-at="2016-08-30T16:09:28Z">
          <params>
            <param index="0">
              <value>
                <![CDATA[uyi]]>
              </value>
            </param>
            <param index="1">
              <value>
                <![CDATA[mno]]>
              </value>
            </param>
          </params>
          <reporter-output>
          </reporter-output>
        </test-method> <!-- uom -->
        <test-method status="SKIP" signature="uom(java.lang.String, java.lang.String)[pri:0, instance:com.ERP.master.exeng@1792d2c]" name="uom" duration-ms="0" started-at="2016-08-30T16:09:28Z" data-provider="uomdata" finished-at="2016-08-30T16:09:28Z">
          <params>
            <param index="0">
              <value>
                <![CDATA[ret]]>
              </value>
            </param>
            <param index="1">
              <value>
                <![CDATA[pqr]]>
              </value>
            </param>
          </params>
          <reporter-output>
          </reporter-output>
        </test-method> <!-- uom -->
        <test-method status="SKIP" signature="afterTest()[pri:0, instance:com.ERP.master.exeng@1792d2c]" name="afterTest" is-config="true" duration-ms="0" started-at="2016-08-30T16:09:28Z" finished-at="2016-08-30T16:09:28Z">
          <reporter-output>
          </reporter-output>
        </test-method> <!-- afterTest -->
        <test-method status="SKIP" signature="afterSuite()[pri:0, instance:com.ERP.master.exeng@1792d2c]" name="afterSuite" is-config="true" duration-ms="0" started-at="2016-08-30T16:09:29Z" finished-at="2016-08-30T16:09:29Z">
          <reporter-output>
          </reporter-output>
        </test-method> <!-- afterSuite -->
      </class> <!-- com.ERP.master.exeng -->
    </test> <!-- saTest -->
  </suite> <!-- Suiteerp -->
</testng-results>
